[0.925s] Invoking command in '/home/dihim/me326_ws/build/arm_controller': CMAKE_PREFIX_PATH=/home/dihim/me326_ws/install/locobot_yicheng:/home/dihim/me326_ws/install/la_msgs:/home/dihim/me326_ws/install/arm_controller:/home/dihim/me326_ws/install/locobot_controller:/home/dihim/interbotix_ws/install/interbotix_xs_modules:/home/dihim/interbotix_ws/install/interbotix_perception_modules:/home/dihim/interbotix_ws/install/interbotix_common_modules:/opt/ros/galactic:/home/dihim/me326_ws/install/gazebo_ros_link_attacher:/home/dihim/interbotix_ws/install/interbotix_moveit_interface:/home/dihim/interbotix_ws/install/arm_controller:/home/dihim/interbotix_ws/install/moveit_visual_tools:/home/dihim/interbotix_ws/install/interbotix_xslocobot_sim:/home/dihim/interbotix_ws/install/interbotix_xslocobot_moveit:/home/dihim/interbotix_ws/install/interbotix_xslocobot_descriptions:/home/dihim/interbotix_ws/install/interbotix_xs_toolbox:/home/dihim/interbotix_ws/install/interbotix_xs_rviz:/home/dihim/interbotix_ws/install/interbotix_xs_ros_control:/home/dihim/interbotix_ws/install/interbotix_perception_toolbox:/home/dihim/interbotix_ws/install/interbotix_perception_pipelines:/home/dihim/interbotix_ws/install/interbotix_xs_msgs:/home/dihim/interbotix_ws/install/interbotix_tf_tools:/home/dihim/interbotix_ws/install/interbotix_perception_msgs:/home/dihim/interbotix_ws/install/interbotix_moveit_interface_msgs:/home/dihim/interbotix_ws/install/interbotix_common_toolbox:/home/dihim/interbotix_ws/install/interbotix_common_sim /usr/bin/cmake --build /home/dihim/me326_ws/build/arm_controller -- -j4 -l4
[1.289s] [35m[1mScanning dependencies of target arm_controller[0m
[1.289s] [ 33%] [32mBuilding CXX object CMakeFiles/arm_controller.dir/src/moveit_interface.cpp.o[0m
[4.933s] [01m[K/home/dihim/me326_ws/src/arm_controller/src/moveit_interface.cpp:[m[K In member function â€˜[01m[Kvoid MyNode::pick_callback(geometry_msgs::msg::PoseStamped) const[m[Kâ€™:
[4.933s] [01m[K/home/dihim/me326_ws/src/arm_controller/src/moveit_interface.cpp:65:26:[m[K [01;31m[Kerror: [m[Kâ€˜[01m[Knode[m[Kâ€™ was not declared in this scope; did you mean â€˜[01m[KNode[m[Kâ€™?
[4.933s]    65 |         auto publisher = [01;31m[Knode[m[K->create_publisher<std_msgs::msg::Bool>("pick_block_response", 10);
[4.933s]       |                          [01;31m[K^~~~[m[K
[4.933s]       |                          [32m[KNode[m[K
[4.933s] [01m[K/home/dihim/me326_ws/src/arm_controller/src/moveit_interface.cpp:65:64:[m[K [01;31m[Kerror: [m[Kâ€˜[01m[KBool[m[Kâ€™ is not a member of â€˜[01m[Kstd_msgs::msg[m[Kâ€™
[4.933s]    65 |       auto publisher = node->create_publisher<std_msgs::msg::[01;31m[KBool[m[K>("pick_block_response", 10);
[4.933s]       |                                                              [01;31m[K^~~~[m[K
[4.933s] 
[4.933s] [01m[K/home/dihim/me326_ws/src/arm_controller/src/moveit_interface.cpp:65:70:[m[K [01;35m[Kwarning: [m[Kleft operand of comma operator has no effect [[01;35m[K-Wunused-value[m[K]
[4.933s]    65 | auto publisher = node->create_publisher<std_msgs::msg::Bool>([01;35m[K"pick_block_response"[m[K, 10);
[4.933s]       |                                                              [01;35m[K^~~~~~~~~~~~~~~~~~~~~[m[K
[4.933s] 
[4.934s] [01m[K/home/dihim/me326_ws/src/arm_controller/src/moveit_interface.cpp:66:39:[m[K [01;31m[Kerror: [m[Kâ€˜[01m[KBool[m[Kâ€™ is not a member of â€˜[01m[Kstd_msgs::msg[m[Kâ€™
[4.934s]    66 |         auto message = std_msgs::msg::[01;31m[KBool[m[K();
[4.934s]       |                                       [01;31m[K^~~~[m[K
[4.936s] [01m[K/home/dihim/me326_ws/src/arm_controller/src/moveit_interface.cpp:[m[K In member function â€˜[01m[Kvoid MyNode::drop_callback(geometry_msgs::msg::PoseStamped) const[m[Kâ€™:
[4.936s] [01m[K/home/dihim/me326_ws/src/arm_controller/src/moveit_interface.cpp:85:26:[m[K [01;31m[Kerror: [m[Kâ€˜[01m[Knode[m[Kâ€™ was not declared in this scope; did you mean â€˜[01m[KNode[m[Kâ€™?
[4.936s]    85 |         auto publisher = [01;31m[Knode[m[K->create_publisher<std_msgs::msg::Bool>("drop_block_response", 10);
[4.936s]       |                          [01;31m[K^~~~[m[K
[4.936s]       |                          [32m[KNode[m[K
[4.936s] [01m[K/home/dihim/me326_ws/src/arm_controller/src/moveit_interface.cpp:85:64:[m[K [01;31m[Kerror: [m[Kâ€˜[01m[KBool[m[Kâ€™ is not a member of â€˜[01m[Kstd_msgs::msg[m[Kâ€™
[4.936s]    85 |       auto publisher = node->create_publisher<std_msgs::msg::[01;31m[KBool[m[K>("drop_block_response", 10);
[4.936s]       |                                                              [01;31m[K^~~~[m[K
[4.936s] 
[4.936s] [01m[K/home/dihim/me326_ws/src/arm_controller/src/moveit_interface.cpp:85:70:[m[K [01;35m[Kwarning: [m[Kleft operand of comma operator has no effect [[01;35m[K-Wunused-value[m[K]
[4.936s]    85 | auto publisher = node->create_publisher<std_msgs::msg::Bool>([01;35m[K"drop_block_response"[m[K, 10);
[4.936s]       |                                                              [01;35m[K^~~~~~~~~~~~~~~~~~~~~[m[K
[4.936s] 
[4.936s] [01m[K/home/dihim/me326_ws/src/arm_controller/src/moveit_interface.cpp:86:39:[m[K [01;31m[Kerror: [m[Kâ€˜[01m[KBool[m[Kâ€™ is not a member of â€˜[01m[Kstd_msgs::msg[m[Kâ€™
[4.936s]    86 |         auto message = std_msgs::msg::[01;31m[KBool[m[K();
[4.936s]       |                                       [01;31m[K^~~~[m[K
[7.317s] make[2]: *** [CMakeFiles/arm_controller.dir/build.make:63: CMakeFiles/arm_controller.dir/src/moveit_interface.cpp.o] Error 1
[7.317s] make[1]: *** [CMakeFiles/Makefile2:78: CMakeFiles/arm_controller.dir/all] Error 2
[7.317s] make: *** [Makefile:141: all] Error 2
[7.319s] Invoked command in '/home/dihim/me326_ws/build/arm_controller' returned '2': CMAKE_PREFIX_PATH=/home/dihim/me326_ws/install/locobot_yicheng:/home/dihim/me326_ws/install/la_msgs:/home/dihim/me326_ws/install/arm_controller:/home/dihim/me326_ws/install/locobot_controller:/home/dihim/interbotix_ws/install/interbotix_xs_modules:/home/dihim/interbotix_ws/install/interbotix_perception_modules:/home/dihim/interbotix_ws/install/interbotix_common_modules:/opt/ros/galactic:/home/dihim/me326_ws/install/gazebo_ros_link_attacher:/home/dihim/interbotix_ws/install/interbotix_moveit_interface:/home/dihim/interbotix_ws/install/arm_controller:/home/dihim/interbotix_ws/install/moveit_visual_tools:/home/dihim/interbotix_ws/install/interbotix_xslocobot_sim:/home/dihim/interbotix_ws/install/interbotix_xslocobot_moveit:/home/dihim/interbotix_ws/install/interbotix_xslocobot_descriptions:/home/dihim/interbotix_ws/install/interbotix_xs_toolbox:/home/dihim/interbotix_ws/install/interbotix_xs_rviz:/home/dihim/interbotix_ws/install/interbotix_xs_ros_control:/home/dihim/interbotix_ws/install/interbotix_perception_toolbox:/home/dihim/interbotix_ws/install/interbotix_perception_pipelines:/home/dihim/interbotix_ws/install/interbotix_xs_msgs:/home/dihim/interbotix_ws/install/interbotix_tf_tools:/home/dihim/interbotix_ws/install/interbotix_perception_msgs:/home/dihim/interbotix_ws/install/interbotix_moveit_interface_msgs:/home/dihim/interbotix_ws/install/interbotix_common_toolbox:/home/dihim/interbotix_ws/install/interbotix_common_sim /usr/bin/cmake --build /home/dihim/me326_ws/build/arm_controller -- -j4 -l4
