[35m[1mScanning dependencies of target arm_controller[0m
[ 33%] [32mBuilding CXX object CMakeFiles/arm_controller.dir/src/moveit_interface.cpp.o[0m
[01m[K/home/dihim/me326_ws/src/arm_controller/src/moveit_interface.cpp:[m[K In member function â€˜[01m[Kvoid MyNode::pick_callback(geometry_msgs::msg::PoseStamped_<std::allocator<void> >::SharedPtr) const[m[Kâ€™:
[01m[K/home/dihim/me326_ws/src/arm_controller/src/moveit_interface.cpp:51:15:[m[K [01;31m[Kerror: [m[Kexpected â€˜[01m[K([m[Kâ€™ before â€˜[01m[K{[m[Kâ€™ token
   51 |       } catch [01;31m[K{[m[K
      |               [01;31m[K^[m[K
      |               [32m[K([m[K
[01m[K/home/dihim/me326_ws/src/arm_controller/src/moveit_interface.cpp:51:15:[m[K [01;31m[Kerror: [m[Kexpected type-specifier before â€˜[01m[K{[m[Kâ€™ token
[01m[K/home/dihim/me326_ws/src/arm_controller/src/moveit_interface.cpp:51:14:[m[K [01;31m[Kerror: [m[Kexpected â€˜[01m[K)[m[Kâ€™ before â€˜[01m[K{[m[Kâ€™ token
   51 |       } catch[01;31m[K [m[K[32m[K{[m[K
      |              [01;31m[K^[m[K[32m[K~[m[K
      |              [32m[K)[m[K
make[2]: *** [CMakeFiles/arm_controller.dir/build.make:63: CMakeFiles/arm_controller.dir/src/moveit_interface.cpp.o] Error 1
make[1]: *** [CMakeFiles/Makefile2:78: CMakeFiles/arm_controller.dir/all] Error 2
make: *** [Makefile:141: all] Error 2
