[35m[1mScanning dependencies of target arm_controller[0m
[ 33%] [32mBuilding CXX object CMakeFiles/arm_controller.dir/src/moveit_interface.cpp.o[0m
[01m[K/home/dihim/me326_ws/src/arm_controller/src/moveit_interface.cpp:[m[K In constructor â€˜[01m[KMyNode::MyNode()[m[Kâ€™:
[01m[K/home/dihim/me326_ws/src/arm_controller/src/moveit_interface.cpp:20:9:[m[K [01;31m[Kerror: [m[Kâ€˜[01m[Kmoveit_interface[m[Kâ€™ was not declared in this scope; did you mean â€˜[01m[Kmoveit_interface_[m[Kâ€™?
   20 |         [01;31m[Kmoveit_interface[m[K = std::make_shared<interbotix::InterbotixMoveItInterface>(node);
      |         [01;31m[K^~~~~~~~~~~~~~~~[m[K
      |         [32m[Kmoveit_interface_[m[K
make[2]: *** [CMakeFiles/arm_controller.dir/build.make:63: CMakeFiles/arm_controller.dir/src/moveit_interface.cpp.o] Error 1
make[1]: *** [CMakeFiles/Makefile2:78: CMakeFiles/arm_controller.dir/all] Error 2
make: *** [Makefile:141: all] Error 2
