[3.033s] Invoking command in '/home/dihim/me326_ws/build/arm_controller': CMAKE_PREFIX_PATH=${CMAKE_PREFIX_PATH}:/home/dihim/interbotix_ws/install/interbotix_xs_modules:/home/dihim/interbotix_ws/install/interbotix_perception_modules:/home/dihim/interbotix_ws/install/interbotix_common_modules:/opt/ros/galactic /usr/bin/cmake --build /home/dihim/me326_ws/build/arm_controller -- -j4 -l4
[4.653s] [35m[1mScanning dependencies of target arm_controller[0m
[4.653s] [ 33%] [32mBuilding CXX object CMakeFiles/arm_controller.dir/src/moveit_interface.cpp.o[0m
[17.368s] [01m[K/home/dihim/me326_ws/src/arm_controller/src/moveit_interface.cpp:[m[K In constructor â€˜[01m[KMyNode::MyNode()[m[Kâ€™:
[17.368s] [01m[K/home/dihim/me326_ws/src/arm_controller/src/moveit_interface.cpp:20:9:[m[K [01;31m[Kerror: [m[Kâ€˜[01m[Kmoveit_interface[m[Kâ€™ was not declared in this scope; did you mean â€˜[01m[Kmoveit_interface_[m[Kâ€™?
[17.368s]    20 |         [01;31m[Kmoveit_interface[m[K = std::make_shared<interbotix::InterbotixMoveItInterface>(node);
[17.368s]       |         [01;31m[K^~~~~~~~~~~~~~~~[m[K
[17.368s]       |         [32m[Kmoveit_interface_[m[K
[24.974s] make[2]: *** [CMakeFiles/arm_controller.dir/build.make:63: CMakeFiles/arm_controller.dir/src/moveit_interface.cpp.o] Error 1
[24.974s] make[1]: *** [CMakeFiles/Makefile2:78: CMakeFiles/arm_controller.dir/all] Error 2
[24.975s] make: *** [Makefile:141: all] Error 2
[25.002s] Invoked command in '/home/dihim/me326_ws/build/arm_controller' returned '2': CMAKE_PREFIX_PATH=${CMAKE_PREFIX_PATH}:/home/dihim/interbotix_ws/install/interbotix_xs_modules:/home/dihim/interbotix_ws/install/interbotix_perception_modules:/home/dihim/interbotix_ws/install/interbotix_common_modules:/opt/ros/galactic /usr/bin/cmake --build /home/dihim/me326_ws/build/arm_controller -- -j4 -l4
