[35m[1mScanning dependencies of target arm_controller[0m
[ 33%] [32mBuilding CXX object CMakeFiles/arm_controller.dir/src/moveit_interface.cpp.o[0m
[01m[K/home/dihim/me326_ws/src/arm_controller/src/moveit_interface.cpp:[m[K In member function â€˜[01m[Kvoid MyNode::pick_callback(geometry_msgs::msg::PoseStamped_<std::allocator<void> >::SharedPtr) const[m[Kâ€™:
[01m[K/home/dihim/me326_ws/src/arm_controller/src/moveit_interface.cpp:33:9:[m[K [01;31m[Kerror: [m[Kâ€˜[01m[Ktarget_pose[m[Kâ€™ was not declared in this scope
   33 |         [01;31m[Ktarget_pose[m[K->pose.position.z = 0.02;
      |         [01;31m[K^~~~~~~~~~~[m[K
[01m[K/home/dihim/me326_ws/src/arm_controller/src/moveit_interface.cpp:51:16:[m[K [01;31m[Kerror: [m[Kâ€˜[01m[Ke[m[Kâ€™ does not name a type
   51 |       } catch ([01;31m[Ke[m[K) {
      |                [01;31m[K^[m[K
[01m[K/home/dihim/me326_ws/src/arm_controller/src/moveit_interface.cpp:53:22:[m[K [01;31m[Kerror: [m[Kâ€˜[01m[Ke[m[Kâ€™ was not declared in this scope
   53 |         std::cout << [01;31m[Ke[m[K << std::endl;
      |                      [01;31m[K^[m[K
[01m[K/home/dihim/me326_ws/src/arm_controller/src/moveit_interface.cpp:30:67:[m[K [01;35m[Kwarning: [m[Kunused parameter â€˜[01m[Kpose[m[Kâ€™ [[01;35m[K-Wunused-parameter[m[K]
   30 |     void pick_callback([01;35m[Kgeometry_msgs::msg::PoseStamped::SharedPtr pose[m[K) const {
      |                        [01;35m[K~~~~~~~~~~~~~~~~~~~~~~~~~~~~~~~~~~~~~~~~~~~^~~~[m[K
make[2]: *** [CMakeFiles/arm_controller.dir/build.make:63: CMakeFiles/arm_controller.dir/src/moveit_interface.cpp.o] Error 1
make[1]: *** [CMakeFiles/Makefile2:78: CMakeFiles/arm_controller.dir/all] Error 2
make: *** [Makefile:141: all] Error 2
