[3.558s] Invoking command in '/home/dihim/me326_ws/build/arm_controller': CMAKE_PREFIX_PATH=${CMAKE_PREFIX_PATH}:/home/dihim/me326_ws/install/locobot_controller:/home/dihim/interbotix_ws/install/interbotix_xs_modules:/home/dihim/interbotix_ws/install/interbotix_perception_modules:/home/dihim/interbotix_ws/install/interbotix_common_modules:/opt/ros/galactic /usr/bin/cmake --build /home/dihim/me326_ws/build/arm_controller -- -j4 -l4
[5.454s] [35m[1mScanning dependencies of target arm_controller[0m
[5.454s] [ 33%] [32mBuilding CXX object CMakeFiles/arm_controller.dir/src/moveit_interface.cpp.o[0m
[15.954s] [01m[K/home/dihim/me326_ws/src/arm_controller/src/moveit_interface.cpp:[m[K In member function â€˜[01m[Kvoid MyNode::pick_callback(geometry_msgs::msg::PoseStamped_<std::allocator<void> >::SharedPtr) const[m[Kâ€™:
[15.954s] [01m[K/home/dihim/me326_ws/src/arm_controller/src/moveit_interface.cpp:33:9:[m[K [01;31m[Kerror: [m[Kâ€˜[01m[Ktarget_pose[m[Kâ€™ was not declared in this scope
[15.954s]    33 |         [01;31m[Ktarget_pose[m[K->pose.position.z = 0.02;
[15.954s]       |         [01;31m[K^~~~~~~~~~~[m[K
[15.966s] [01m[K/home/dihim/me326_ws/src/arm_controller/src/moveit_interface.cpp:51:16:[m[K [01;31m[Kerror: [m[Kâ€˜[01m[Ke[m[Kâ€™ does not name a type
[15.966s]    51 |       } catch ([01;31m[Ke[m[K) {
[15.966s]       |                [01;31m[K^[m[K
[15.972s] [01m[K/home/dihim/me326_ws/src/arm_controller/src/moveit_interface.cpp:53:22:[m[K [01;31m[Kerror: [m[Kâ€˜[01m[Ke[m[Kâ€™ was not declared in this scope
[15.972s]    53 |         std::cout << [01;31m[Ke[m[K << std::endl;
[15.972s]       |                      [01;31m[K^[m[K
[15.972s] [01m[K/home/dihim/me326_ws/src/arm_controller/src/moveit_interface.cpp:30:67:[m[K [01;35m[Kwarning: [m[Kunused parameter â€˜[01m[Kpose[m[Kâ€™ [[01;35m[K-Wunused-parameter[m[K]
[15.972s]    30 |     void pick_callback([01;35m[Kgeometry_msgs::msg::PoseStamped::SharedPtr pose[m[K) const {
[15.972s]       |                        [01;35m[K~~~~~~~~~~~~~~~~~~~~~~~~~~~~~~~~~~~~~~~~~~~^~~~[m[K
[22.860s] make[2]: *** [CMakeFiles/arm_controller.dir/build.make:63: CMakeFiles/arm_controller.dir/src/moveit_interface.cpp.o] Error 1
[22.861s] make[1]: *** [CMakeFiles/Makefile2:78: CMakeFiles/arm_controller.dir/all] Error 2
[22.861s] make: *** [Makefile:141: all] Error 2
[22.942s] Invoked command in '/home/dihim/me326_ws/build/arm_controller' returned '2': CMAKE_PREFIX_PATH=${CMAKE_PREFIX_PATH}:/home/dihim/me326_ws/install/locobot_controller:/home/dihim/interbotix_ws/install/interbotix_xs_modules:/home/dihim/interbotix_ws/install/interbotix_perception_modules:/home/dihim/interbotix_ws/install/interbotix_common_modules:/opt/ros/galactic /usr/bin/cmake --build /home/dihim/me326_ws/build/arm_controller -- -j4 -l4
